d:\documents\visual studio\project1\project1\debug\vc141.pdb
d:\documents\visual studio\project1\project1\debug\vc141.idb
d:\documents\visual studio\project1\project1\debug\charactergoomba.obj
d:\documents\visual studio\project1\project1\debug\characterkoopa.obj
d:\documents\visual studio\project1\project1\debug\charactermario.obj
d:\documents\visual studio\project1\project1\debug\collisions.obj
d:\documents\visual studio\project1\project1\debug\gameobject.obj
d:\documents\visual studio\project1\project1\debug\gamescreen.obj
d:\documents\visual studio\project1\project1\debug\gamescreenlevel1.obj
d:\documents\visual studio\project1\project1\debug\gamescreenlevel2.obj
d:\documents\visual studio\project1\project1\debug\gamescreenmanager.obj
d:\documents\visual studio\project1\project1\debug\gamescreengameover.obj
d:\documents\visual studio\project1\project1\debug\gamescreenmenu.obj
d:\documents\visual studio\project1\project1\debug\gravityguy.obj
d:\documents\visual studio\project1\project1\debug\item.obj
d:\documents\visual studio\project1\project1\debug\itemcoin.obj
d:\documents\visual studio\project1\project1\debug\levelmap.obj
d:\documents\visual studio\project1\project1\debug\powblock.obj
d:\documents\visual studio\project1\project1\debug\main.obj
d:\documents\visual studio\project1\project1\debug\soundeffect.obj
d:\documents\visual studio\project1\project1\debug\text2d.obj
d:\documents\visual studio\project1\project1\debug\texture2d.obj
d:\documents\visual studio\project1\project1\debug\character.obj
d:\documents\visual studio\project1\debug\project1.pdb
d:\documents\visual studio\project1\debug\project1.exe
d:\documents\visual studio\project1\debug\project1.ilk
d:\documents\visual studio\project1\project1\debug\project1.tlog\cl.command.1.tlog
d:\documents\visual studio\project1\project1\debug\project1.tlog\cl.read.1.tlog
d:\documents\visual studio\project1\project1\debug\project1.tlog\cl.write.1.tlog
d:\documents\visual studio\project1\project1\debug\project1.tlog\link.command.1.tlog
d:\documents\visual studio\project1\project1\debug\project1.tlog\link.read.1.tlog
d:\documents\visual studio\project1\project1\debug\project1.tlog\link.write.1.tlog
